[debug] [2021-09-26T10:11:07.522Z] ----------------------------------------------------------------------
[debug] [2021-09-26T10:11:07.524Z] Command:       C:\Program Files\nodejs\node.exe C:\Users\DELL\AppData\Roaming\npm\node_modules\firebase-tools\lib\bin\firebase.js init
[debug] [2021-09-26T10:11:07.524Z] CLI Version:   9.18.0
[debug] [2021-09-26T10:11:07.525Z] Platform:      win32
[debug] [2021-09-26T10:11:07.525Z] Node Version:  v16.4.1
[debug] [2021-09-26T10:11:07.526Z] Time:          Sun Sep 26 2021 15:11:07 GMT+0500 (Pakistan Standard Time)
[debug] [2021-09-26T10:11:07.526Z] ----------------------------------------------------------------------
[debug] 
[debug] [2021-09-26T10:11:07.611Z] > command requires scopes: ["email","openid","https://www.googleapis.com/auth/cloudplatformprojects.readonly","https://www.googleapis.com/auth/firebase","https://www.googleapis.com/auth/cloud-platform"]
[debug] [2021-09-26T10:11:07.611Z] > authorizing via signed-in user (ejazahmad4660@gmail.com)
[info] 
     ######## #### ########  ######## ########     ###     ######  ########
     ##        ##  ##     ## ##       ##     ##  ##   ##  ##       ##
     ######    ##  ########  ######   ########  #########  ######  ######
     ##        ##  ##    ##  ##       ##     ## ##     ##       ## ##
     ##       #### ##     ## ######## ########  ##     ##  ######  ########

You're about to initialize a Firebase project in this directory:

  C:\Users\DELL\Desktop\Player\vrplalyer

Before we get started, keep in mind:

  * You are initializing within an existing Firebase project directory

[info] 
=== Project Setup
[info] 
[info] First, let's associate this project directory with a Firebase project.
[info] You can create multiple project aliases by running firebase use --add, 
[info] but for now we'll just set up a default project.
[info] 
[info] i  .firebaserc already has a default project, using vplayer-618a5. 
[debug] [2021-09-26T10:11:20.146Z] > refreshing access token with scopes: []
[debug] [2021-09-26T10:11:20.147Z] >>> HTTP REQUEST POST https://www.googleapis.com/oauth2/v3/token  
 <request body omitted>
[debug] [2021-09-26T10:11:20.717Z] <<< HTTP RESPONSE 200 {"cache-control":"no-cache, no-store, max-age=0, must-revalidate","date":"Sun, 26 Sep 2021 10:11:20 GMT","expires":"Mon, 01 Jan 1990 00:00:00 GMT","pragma":"no-cache","content-type":"application/json; charset=utf-8","vary":"X-Origin, Referer, Origin,Accept-Encoding","server":"scaffolding on HTTPServer2","x-xss-protection":"0","x-frame-options":"SAMEORIGIN","x-content-type-options":"nosniff","alt-svc":"h3=\":443\"; ma=2592000,h3-29=\":443\"; ma=2592000,h3-T051=\":443\"; ma=2592000,h3-Q050=\":443\"; ma=2592000,h3-Q046=\":443\"; ma=2592000,h3-Q043=\":443\"; ma=2592000,quic=\":443\"; ma=2592000; v=\"46,43\"","accept-ranges":"none","transfer-encoding":"chunked"}
[debug] [2021-09-26T10:11:20.750Z] >>> [apiv2][query] GET https://firebase.googleapis.com/v1beta1/projects/vplayer-618a5 [none]
[debug] [2021-09-26T10:11:21.481Z] <<< [apiv2][status] GET https://firebase.googleapis.com/v1beta1/projects/vplayer-618a5 200
[debug] [2021-09-26T10:11:21.482Z] <<< [apiv2][body] GET https://firebase.googleapis.com/v1beta1/projects/vplayer-618a5 {"projectId":"vplayer-618a5","projectNumber":"575736922183","displayName":"vplayer","name":"projects/vplayer-618a5","resources":{"hostingSite":"vplayer-618a5"},"state":"ACTIVE"}
[info] 
=== Hosting Setup
[info] 
[info] Your public directory is the folder (relative to your project directory) that
[info] will contain Hosting assets to be uploaded with firebase deploy. If you
[info] have a build process for your assets, use your build's output directory.
[info] 
